{"/home/gh05t/GitHub_Repos/TestDriven-Dev/calculator.js": {"path":"/home/gh05t/GitHub_Repos/TestDriven-Dev/calculator.js","statementMap":{"0":{"start":{"line":1,"column":19},"end":{"line":6,"column":1}},"1":{"start":{"line":2,"column":23},"end":{"line":2,"column":34}},"2":{"start":{"line":3,"column":28},"end":{"line":3,"column":39}},"3":{"start":{"line":4,"column":26},"end":{"line":4,"column":37}},"4":{"start":{"line":5,"column":28},"end":{"line":5,"column":39}},"5":{"start":{"line":7,"column":0},"end":{"line":7,"column":28}}},"fnMap":{"0":{"name":"(anonymous_0)","decl":{"start":{"line":2,"column":7},"end":{"line":2,"column":8}},"loc":{"start":{"line":2,"column":23},"end":{"line":2,"column":34}},"line":2},"1":{"name":"(anonymous_1)","decl":{"start":{"line":3,"column":12},"end":{"line":3,"column":13}},"loc":{"start":{"line":3,"column":28},"end":{"line":3,"column":39}},"line":3},"2":{"name":"(anonymous_2)","decl":{"start":{"line":4,"column":10},"end":{"line":4,"column":11}},"loc":{"start":{"line":4,"column":26},"end":{"line":4,"column":37}},"line":4},"3":{"name":"(anonymous_3)","decl":{"start":{"line":5,"column":12},"end":{"line":5,"column":13}},"loc":{"start":{"line":5,"column":28},"end":{"line":5,"column":39}},"line":5}},"branchMap":{},"s":{"0":1,"1":1,"2":1,"3":1,"4":1,"5":1},"f":{"0":1,"1":1,"2":1,"3":1},"b":{},"_coverageSchema":"1a1c01bbd47fc00a2c39e90264f33305004495a9","hash":"ec5b295ef3b6950a95c3dc63b6348563f34fffa3"}
,"/home/gh05t/GitHub_Repos/TestDriven-Dev/capitalize.js": {"path":"/home/gh05t/GitHub_Repos/TestDriven-Dev/capitalize.js","statementMap":{"0":{"start":{"line":1,"column":19},"end":{"line":1,"column":79}},"1":{"start":{"line":1,"column":31},"end":{"line":1,"column":79}},"2":{"start":{"line":2,"column":0},"end":{"line":2,"column":28}}},"fnMap":{"0":{"name":"(anonymous_0)","decl":{"start":{"line":1,"column":19},"end":{"line":1,"column":20}},"loc":{"start":{"line":1,"column":31},"end":{"line":1,"column":79}},"line":1}},"branchMap":{},"s":{"0":1,"1":1,"2":1},"f":{"0":1},"b":{},"_coverageSchema":"1a1c01bbd47fc00a2c39e90264f33305004495a9","hash":"baa115cbd18528dec04d3184ba19752e62d62f2c"}
,"/home/gh05t/GitHub_Repos/TestDriven-Dev/reverseString.js": {"path":"/home/gh05t/GitHub_Repos/TestDriven-Dev/reverseString.js","statementMap":{"0":{"start":{"line":1,"column":22},"end":{"line":1,"column":69}},"1":{"start":{"line":1,"column":34},"end":{"line":1,"column":69}},"2":{"start":{"line":3,"column":0},"end":{"line":3,"column":31}}},"fnMap":{"0":{"name":"(anonymous_0)","decl":{"start":{"line":1,"column":22},"end":{"line":1,"column":23}},"loc":{"start":{"line":1,"column":34},"end":{"line":1,"column":69}},"line":1}},"branchMap":{},"s":{"0":1,"1":1,"2":1},"f":{"0":1},"b":{},"_coverageSchema":"1a1c01bbd47fc00a2c39e90264f33305004495a9","hash":"dcac02d2d05382cb7fe06f322be2a1be9cf994c1"}
,"/home/gh05t/GitHub_Repos/TestDriven-Dev/stringLength.js": {"path":"/home/gh05t/GitHub_Repos/TestDriven-Dev/stringLength.js","statementMap":{"0":{"start":{"line":2,"column":4},"end":{"line":4,"column":31}},"1":{"start":{"line":3,"column":8},"end":{"line":3,"column":66}},"2":{"start":{"line":4,"column":11},"end":{"line":4,"column":31}},"3":{"start":{"line":7,"column":0},"end":{"line":7,"column":30}}},"fnMap":{"0":{"name":"stringLength","decl":{"start":{"line":1,"column":9},"end":{"line":1,"column":21}},"loc":{"start":{"line":1,"column":30},"end":{"line":5,"column":1}},"line":1}},"branchMap":{"0":{"loc":{"start":{"line":2,"column":4},"end":{"line":4,"column":31}},"type":"if","locations":[{"start":{"line":2,"column":4},"end":{"line":4,"column":31}},{"start":{"line":4,"column":11},"end":{"line":4,"column":31}}],"line":2},"1":{"loc":{"start":{"line":2,"column":8},"end":{"line":2,"column":49}},"type":"binary-expr","locations":[{"start":{"line":2,"column":8},"end":{"line":2,"column":26}},{"start":{"line":2,"column":30},"end":{"line":2,"column":49}}],"line":2}},"s":{"0":3,"1":2,"2":1,"3":1},"f":{"0":3},"b":{"0":[2,1],"1":[3,2]},"_coverageSchema":"1a1c01bbd47fc00a2c39e90264f33305004495a9","hash":"148d4d4a82c17ac2963097f4c37e879a5dbe5988"}
}
